0 info it worked if it ends with ok
1 verbose cli [ '/usr/local/bin/node',
1 verbose cli   '/usr/local/bin/npm',
1 verbose cli   'install',
1 verbose cli   '-g',
1 verbose cli   'Eventproxy',
1 verbose cli   '--save' ]
2 info using npm@3.6.0
3 info using node@v5.7.1
4 silly loadCurrentTree Starting
5 silly install loadCurrentTree
6 silly install readGlobalPackageData
7 silly fetchPackageMetaData Eventproxy
8 silly fetchNamedPackageData Eventproxy
9 silly mapToRegistry name Eventproxy
10 silly mapToRegistry using default registry
11 silly mapToRegistry registry http://registry.npmjs.org/
12 silly mapToRegistry uri http://registry.npmjs.org/Eventproxy
13 verbose request uri http://registry.npmjs.org/Eventproxy
14 verbose request no auth needed
15 info attempt registry request try #1 at 2:16:17 PM
16 verbose request id 84ffce6671bfd5b9
17 verbose etag "3Q0FZ7C84241TY1UUMIJ9G6CI"
18 http request GET http://registry.npmjs.org/Eventproxy
19 http 404 http://registry.npmjs.org/Eventproxy
20 verbose headers { 'content-type': 'application/json',
20 verbose headers   'cache-control': 'max-age=0',
20 verbose headers   'content-length': '2',
20 verbose headers   'accept-ranges': 'bytes',
20 verbose headers   date: 'Wed, 25 May 2016 06:16:18 GMT',
20 verbose headers   via: '1.1 varnish',
20 verbose headers   age: '0',
20 verbose headers   connection: 'keep-alive',
20 verbose headers   'x-served-by': 'cache-nrt6120-NRT',
20 verbose headers   'x-cache': 'MISS',
20 verbose headers   'x-cache-hits': '0',
20 verbose headers   'x-timer': 'S1464156978.155844,VS0,VE727',
20 verbose headers   vary: 'Accept-Encoding' }
21 silly get cb [ 304, undefined ]
22 verbose etag http://registry.npmjs.org/Eventproxy from cache
23 verbose get saving eventproxy to /Users/Poutine/.npm/registry.npmjs.org/Eventproxy/.cache.json
24 verbose correctMkdir /Users/Poutine/.npm correctMkdir not in flight; initializing
25 silly install normalizeTree
26 silly loadCurrentTree Finishing
27 silly loadIdealTree Starting
28 silly install loadIdealTree
29 silly cloneCurrentTree Starting
30 silly install cloneCurrentTreeToIdealTree
31 silly cloneCurrentTree Finishing
32 silly loadShrinkwrap Starting
33 silly install loadShrinkwrap
34 silly loadShrinkwrap Finishing
35 silly loadAllDepsIntoIdealTree Starting
36 silly install loadAllDepsIntoIdealTree
37 silly resolveWithNewModule eventproxy@0.3.4 checking installable status
38 silly cache add args [ 'Eventproxy', null ]
39 verbose cache add spec Eventproxy
40 silly cache add parsed spec Result {
40 silly cache add   raw: 'Eventproxy',
40 silly cache add   scope: null,
40 silly cache add   name: 'Eventproxy',
40 silly cache add   rawSpec: '',
40 silly cache add   spec: 'latest',
40 silly cache add   type: 'tag' }
41 silly addNamed Eventproxy@latest
42 verbose addNamed "latest" is being treated as a dist-tag for Eventproxy
43 info addNameTag [ 'Eventproxy', 'latest' ]
44 silly mapToRegistry name Eventproxy
45 silly mapToRegistry using default registry
46 silly mapToRegistry registry http://registry.npmjs.org/
47 silly mapToRegistry uri http://registry.npmjs.org/Eventproxy
48 verbose addNameTag registry:http://registry.npmjs.org/Eventproxy not in flight; fetching
49 verbose get http://registry.npmjs.org/Eventproxy not expired, no request
50 silly addNameTag next cb for Eventproxy with tag latest
51 silly addNamed Eventproxy@0.3.4
52 verbose addNamed "0.3.4" is a plain semver version for Eventproxy
53 silly cache afterAdd eventproxy@0.3.4
54 verbose afterAdd /Users/Poutine/.npm/eventproxy/0.3.4/package/package.json not in flight; writing
55 verbose correctMkdir /Users/Poutine/.npm correctMkdir not in flight; initializing
56 verbose afterAdd /Users/Poutine/.npm/eventproxy/0.3.4/package/package.json written
57 silly fetchNamedPackageData debug
58 silly mapToRegistry name debug
59 silly mapToRegistry using default registry
60 silly mapToRegistry registry http://registry.npmjs.org/
61 silly mapToRegistry uri http://registry.npmjs.org/debug
62 verbose request uri http://registry.npmjs.org/debug
63 verbose request no auth needed
64 info attempt registry request try #1 at 2:16:18 PM
65 verbose etag "1AJAD9Y4CBU2JSIPJ80H7H7T"
66 http request GET http://registry.npmjs.org/debug
67 http 304 http://registry.npmjs.org/debug
68 verbose headers { date: 'Wed, 25 May 2016 06:16:19 GMT',
68 verbose headers   via: '1.1 varnish',
68 verbose headers   'cache-control': 'max-age=300',
68 verbose headers   etag: '"1AJAD9Y4CBU2JSIPJ80H7H7T"',
68 verbose headers   age: '118',
68 verbose headers   connection: 'keep-alive',
68 verbose headers   'x-served-by': 'cache-nrt6120-NRT',
68 verbose headers   'x-cache': 'HIT',
68 verbose headers   'x-cache-hits': '5',
68 verbose headers   'x-timer': 'S1464156979.218822,VS0,VE0',
68 verbose headers   vary: 'Accept-Encoding' }
69 silly get cb [ 304,
69 silly get   { date: 'Wed, 25 May 2016 06:16:19 GMT',
69 silly get     via: '1.1 varnish',
69 silly get     'cache-control': 'max-age=300',
69 silly get     etag: '"1AJAD9Y4CBU2JSIPJ80H7H7T"',
69 silly get     age: '118',
69 silly get     connection: 'keep-alive',
69 silly get     'x-served-by': 'cache-nrt6120-NRT',
69 silly get     'x-cache': 'HIT',
69 silly get     'x-cache-hits': '5',
69 silly get     'x-timer': 'S1464156979.218822,VS0,VE0',
69 silly get     vary: 'Accept-Encoding' } ]
70 verbose etag http://registry.npmjs.org/debug from cache
71 verbose get saving debug to /Users/Poutine/.npm/registry.npmjs.org/debug/.cache.json
72 verbose correctMkdir /Users/Poutine/.npm correctMkdir not in flight; initializing
73 silly resolveWithNewModule debug@2.1.3 checking installable status
74 silly cache add args [ 'debug@2.1.3', null ]
75 verbose cache add spec debug@2.1.3
76 silly cache add parsed spec Result {
76 silly cache add   raw: 'debug@2.1.3',
76 silly cache add   scope: null,
76 silly cache add   name: 'debug',
76 silly cache add   rawSpec: '2.1.3',
76 silly cache add   spec: '2.1.3',
76 silly cache add   type: 'version' }
77 silly addNamed debug@2.1.3
78 verbose addNamed "2.1.3" is a plain semver version for debug
79 silly mapToRegistry name debug
80 silly mapToRegistry using default registry
81 silly mapToRegistry registry http://registry.npmjs.org/
82 silly mapToRegistry uri http://registry.npmjs.org/debug
83 verbose addNameVersion registry:http://registry.npmjs.org/debug not in flight; fetching
84 verbose get http://registry.npmjs.org/debug not expired, no request
85 silly cache afterAdd debug@2.1.3
86 verbose afterAdd /Users/Poutine/.npm/debug/2.1.3/package/package.json not in flight; writing
87 verbose correctMkdir /Users/Poutine/.npm correctMkdir not in flight; initializing
88 verbose afterAdd /Users/Poutine/.npm/debug/2.1.3/package/package.json written
89 silly fetchNamedPackageData ms
90 silly mapToRegistry name ms
91 silly mapToRegistry using default registry
92 silly mapToRegistry registry http://registry.npmjs.org/
93 silly mapToRegistry uri http://registry.npmjs.org/ms
94 verbose request uri http://registry.npmjs.org/ms
95 verbose request no auth needed
96 info attempt registry request try #1 at 2:16:18 PM
97 verbose etag "5143492BBX5I18XHV9RBWJ2GY"
98 http request GET http://registry.npmjs.org/ms
99 http 304 http://registry.npmjs.org/ms
100 verbose headers { date: 'Wed, 25 May 2016 06:16:19 GMT',
100 verbose headers   via: '1.1 varnish',
100 verbose headers   'cache-control': 'max-age=300',
100 verbose headers   etag: '"5143492BBX5I18XHV9RBWJ2GY"',
100 verbose headers   age: '108',
100 verbose headers   connection: 'keep-alive',
100 verbose headers   'x-served-by': 'cache-nrt6120-NRT',
100 verbose headers   'x-cache': 'HIT',
100 verbose headers   'x-cache-hits': '4',
100 verbose headers   'x-timer': 'S1464156979.411063,VS0,VE0',
100 verbose headers   vary: 'Accept-Encoding' }
101 silly get cb [ 304,
101 silly get   { date: 'Wed, 25 May 2016 06:16:19 GMT',
101 silly get     via: '1.1 varnish',
101 silly get     'cache-control': 'max-age=300',
101 silly get     etag: '"5143492BBX5I18XHV9RBWJ2GY"',
101 silly get     age: '108',
101 silly get     connection: 'keep-alive',
101 silly get     'x-served-by': 'cache-nrt6120-NRT',
101 silly get     'x-cache': 'HIT',
101 silly get     'x-cache-hits': '4',
101 silly get     'x-timer': 'S1464156979.411063,VS0,VE0',
101 silly get     vary: 'Accept-Encoding' } ]
102 verbose etag http://registry.npmjs.org/ms from cache
103 verbose get saving ms to /Users/Poutine/.npm/registry.npmjs.org/ms/.cache.json
104 verbose correctMkdir /Users/Poutine/.npm correctMkdir not in flight; initializing
105 silly resolveWithNewModule ms@0.7.0 checking installable status
106 silly cache add args [ 'ms@0.7.0', null ]
107 verbose cache add spec ms@0.7.0
108 silly cache add parsed spec Result {
108 silly cache add   raw: 'ms@0.7.0',
108 silly cache add   scope: null,
108 silly cache add   name: 'ms',
108 silly cache add   rawSpec: '0.7.0',
108 silly cache add   spec: '0.7.0',
108 silly cache add   type: 'version' }
109 silly addNamed ms@0.7.0
110 verbose addNamed "0.7.0" is a plain semver version for ms
111 silly mapToRegistry name ms
112 silly mapToRegistry using default registry
113 silly mapToRegistry registry http://registry.npmjs.org/
114 silly mapToRegistry uri http://registry.npmjs.org/ms
115 verbose addNameVersion registry:http://registry.npmjs.org/ms not in flight; fetching
116 verbose get http://registry.npmjs.org/ms not expired, no request
117 silly cache afterAdd ms@0.7.0
118 verbose afterAdd /Users/Poutine/.npm/ms/0.7.0/package/package.json not in flight; writing
119 verbose correctMkdir /Users/Poutine/.npm correctMkdir not in flight; initializing
120 verbose afterAdd /Users/Poutine/.npm/ms/0.7.0/package/package.json written
121 silly loadAllDepsIntoIdealTree Finishing
122 silly idealTree:prePrune lib
122 silly idealTree:prePrune └─┬ eventproxy@0.3.4
122 silly idealTree:prePrune   ├── debug@2.1.3
122 silly idealTree:prePrune   └── ms@0.7.0
123 silly loadIdealTree Finishing
124 silly currentTree lib
125 silly idealTree lib
125 silly idealTree └─┬ eventproxy@0.3.4
125 silly idealTree   ├── debug@2.1.3
125 silly idealTree   └── ms@0.7.0
126 silly generateActionsToTake Starting
127 silly install generateActionsToTake
128 warn checkPermissions Missing write access to /usr/local/lib/node_modules
129 silly rollbackFailedOptional Starting
130 silly rollbackFailedOptional Finishing
131 silly runTopLevelLifecycles Starting
132 silly runTopLevelLifecycles Finishing
133 silly install printInstalled
134 verbose stack Error: EACCES: permission denied, access '/usr/local/lib/node_modules'
134 verbose stack     at Error (native)
135 verbose cwd /Users/Poutine/Desktop/chooseme/Caomi
136 error Darwin 14.4.0
137 error argv "/usr/local/bin/node" "/usr/local/bin/npm" "install" "-g" "Eventproxy" "--save"
138 error node v5.7.1
139 error npm  v3.6.0
140 error path /usr/local/lib/node_modules
141 error code EACCES
142 error errno -13
143 error syscall access
144 error Error: EACCES: permission denied, access '/usr/local/lib/node_modules'
144 error     at Error (native)
144 error  { [Error: EACCES: permission denied, access '/usr/local/lib/node_modules']
144 error   errno: -13,
144 error   code: 'EACCES',
144 error   syscall: 'access',
144 error   path: '/usr/local/lib/node_modules' }
145 error Please try running this command again as root/Administrator.
146 verbose exit [ -13, true ]
